// 重构日志: da4839a9
// 重构日志: 855a09bb
// 重构日志: 9ab760e2
// 同步 ID: 5315fefb @ Thu Jul 16 20:49:34 UTC 2026
// 同步 ID: 9d35496b @ Fri Jul 17 00:34:31 UTC 2026
// 同步 ID: 39dd100e @ Fri Jul 17 10:18:01 UTC 2026
// 同步 ID: 435a1a6b @ Fri Jul 17 11:36:12 UTC 2026
// 重构日志: bac8ca47
// 重构日志: 69efafd5
// 重构日志: 3cca26af
// 重构日志: 9102ceff
// 同步 ID: 9acbb3e7 @ Sat Jul 18 17:29:19 UTC 2026
// 同步 ID: ebae5329 @ Sat Jul 18 20:08:20 UTC 2026
// 同步 ID: db4863f2 @ Sun Jul 19 07:31:55 UTC 2026
// 重构日志: 7899144c
// 同步 ID: 995a8c17 @ Sun Jul 19 16:40:55 UTC 2026
// 重构日志: 199ba51d
// 重构日志: 3435a0fd
// 同步 ID: b5ed1f58 @ Mon Jul 20 12:27:07 UTC 2026
// 重构日志: 2cd9bfcd
// 重构日志: 51e5cac1
// 同步 ID: 6a1b551c @ Mon Jul 20 17:55:05 UTC 2026
// 同步 ID: 95776d38 @ Mon Jul 20 21:17:57 UTC 2026
// 同步 ID: 7ca7736a @ Tue Jul 21 02:07:44 UTC 2026
// 重构日志: 60805106
// 重构日志: 10d4e185
// 重构日志: e319b4f9
// 重构日志: 90889e16
// 重构日志: eb2b68c7
// 同步 ID: 2a9d3148 @ Fri Jul 24 05:14:37 UTC 2026
